INFO:     Will watch for changes in these directories: ['/home/tsun/DeepRubric/apps/backend']
INFO:     Uvicorn running on http://127.0.0.1:8000 (Press CTRL+C to quit)
INFO:     Started reloader process [2471] using WatchFiles
INFO:     Started server process [2473]
INFO:     Waiting for application startup.
INFO:     Application startup complete.
WARNING:  WatchFiles detected changes in 'app/api/v1/routers/auth - Copy.py'. Reloading...
INFO:     Shutting down
INFO:     Waiting for application shutdown.
INFO:     Application shutdown complete.
INFO:     Finished server process [2473]
INFO:     Started server process [4472]
INFO:     Waiting for application startup.
INFO:     Application startup complete.
WARNING:  WatchFiles detected changes in 'app/api/v1/routers/users.py'. Reloading...
INFO:     Shutting down
INFO:     Waiting for application shutdown.
INFO:     Application shutdown complete.
INFO:     Finished server process [4472]
WARNING:  WatchFiles detected changes in 'app/api/v1/routers/auth - Copy.py'. Reloading...
INFO:     Started server process [4482]
INFO:     Waiting for application startup.
INFO:     Application startup complete.
WARNING:  WatchFiles detected changes in 'app/api/v1/routers/users.py'. Reloading...
INFO:     Shutting down
INFO:     Waiting for application shutdown.
INFO:     Application shutdown complete.
INFO:     Finished server process [4482]
INFO:     Started server process [4557]
INFO:     Waiting for application startup.
INFO:     Application startup complete.
WARNING:  WatchFiles detected changes in 'app/api/v1/routers/users - Copy.py'. Reloading...
INFO:     Shutting down
INFO:     Waiting for application shutdown.
INFO:     Application shutdown complete.
INFO:     Finished server process [4557]
INFO:     Started server process [4586]
INFO:     Waiting for application startup.
INFO:     Application startup complete.
WARNING:  WatchFiles detected changes in 'app/api/v1/routers/users - Copy.py', 'app/api/v1/routers/deps.py'. Reloading...
INFO:     Shutting down
INFO:     Waiting for application shutdown.
INFO:     Application shutdown complete.
INFO:     Finished server process [4586]
INFO:     Started server process [4606]
INFO:     Waiting for application startup.
INFO:     Application startup complete.
WARNING:  WatchFiles detected changes in 'app/api/v1/routers/deps.py'. Reloading...
INFO:     Shutting down
INFO:     Waiting for application shutdown.
INFO:     Application shutdown complete.
INFO:     Finished server process [4606]
INFO:     Started server process [4653]
INFO:     Waiting for application startup.
INFO:     Application startup complete.
WARNING:  WatchFiles detected changes in 'app/models/orm/user.py'. Reloading...
INFO:     Shutting down
INFO:     Waiting for application shutdown.
INFO:     Application shutdown complete.
INFO:     Finished server process [4653]
Process SpawnProcess-9:
Traceback (most recent call last):
  File "/usr/lib/python3.12/multiprocessing/process.py", line 314, in _bootstrap
    self.run()
  File "/usr/lib/python3.12/multiprocessing/process.py", line 108, in run
    self._target(*self._args, **self._kwargs)
  File "/home/tsun/DeepRubric/apps/backend/.venv/lib/python3.12/site-packages/uvicorn/_subprocess.py", line 78, in subprocess_started
    target(sockets=sockets)
  File "/home/tsun/DeepRubric/apps/backend/.venv/lib/python3.12/site-packages/uvicorn/server.py", line 62, in run
    return asyncio.run(self.serve(sockets=sockets))
           ^^^^^^^^^^^^^^^^^^^^^^^^^^^^^^^^^^^^^^^^
  File "/usr/lib/python3.12/asyncio/runners.py", line 194, in run
    return runner.run(main)
           ^^^^^^^^^^^^^^^^
  File "/usr/lib/python3.12/asyncio/runners.py", line 118, in run
    return self._loop.run_until_complete(task)
           ^^^^^^^^^^^^^^^^^^^^^^^^^^^^^^^^^^^
  File "uvloop/loop.pyx", line 1518, in uvloop.loop.Loop.run_until_complete
  File "/home/tsun/DeepRubric/apps/backend/.venv/lib/python3.12/site-packages/uvicorn/server.py", line 69, in serve
    config.load()
  File "/home/tsun/DeepRubric/apps/backend/.venv/lib/python3.12/site-packages/uvicorn/config.py", line 458, in load
    self.loaded_app = import_from_string(self.app)
                      ^^^^^^^^^^^^^^^^^^^^^^^^^^^^
  File "/home/tsun/DeepRubric/apps/backend/.venv/lib/python3.12/site-packages/uvicorn/importer.py", line 21, in import_from_string
    module = importlib.import_module(module_str)
             ^^^^^^^^^^^^^^^^^^^^^^^^^^^^^^^^^^^
  File "/usr/lib/python3.12/importlib/__init__.py", line 90, in import_module
    return _bootstrap._gcd_import(name[level:], package, level)
           ^^^^^^^^^^^^^^^^^^^^^^^^^^^^^^^^^^^^^^^^^^^^^^^^^^^^
  File "<frozen importlib._bootstrap>", line 1387, in _gcd_import
  File "<frozen importlib._bootstrap>", line 1360, in _find_and_load
  File "<frozen importlib._bootstrap>", line 1331, in _find_and_load_unlocked
  File "<frozen importlib._bootstrap>", line 935, in _load_unlocked
  File "<frozen importlib._bootstrap_external>", line 995, in exec_module
  File "<frozen importlib._bootstrap>", line 488, in _call_with_frames_removed
  File "/home/tsun/DeepRubric/apps/backend/app/main.py", line 13, in <module>
    from app.api.v1.routers import health, auth
  File "/home/tsun/DeepRubric/apps/backend/app/api/v1/routers/health.py", line 9, in <module>
    from app.api.v1.dependencies import get_db
  File "/home/tsun/DeepRubric/apps/backend/app/api/v1/dependencies.py", line 15, in <module>
    from app.models.orm.user import User, Base
  File "/home/tsun/DeepRubric/apps/backend/app/models/orm/__init__.py", line 15, in <module>
    from . import user, course, enrollment, rubric, rubric_criteria, score  # noqa: F401
    ^^^^^^^^^^^^^^^^^^^^^^^^^^^^^^^^^^^^^^^^^^^^^^^^^^^^^^^^^^^^^^^^^^^^^^
  File "/home/tsun/DeepRubric/apps/backend/app/models/orm/user.py", line 14, in <module>
    class User(Base):
  File "/home/tsun/DeepRubric/apps/backend/app/models/orm/user.py", line 44, in User
    enrollments = relationship("Enrollment", backref="user")
                  ^^^^^^^^^^^^
NameError: name 'relationship' is not defined
WARNING:  WatchFiles detected changes in 'app/models/orm/user.py'. Reloading...
Process SpawnProcess-10:
Traceback (most recent call last):
  File "/usr/lib/python3.12/multiprocessing/process.py", line 314, in _bootstrap
    self.run()
  File "/usr/lib/python3.12/multiprocessing/process.py", line 108, in run
    self._target(*self._args, **self._kwargs)
  File "/home/tsun/DeepRubric/apps/backend/.venv/lib/python3.12/site-packages/uvicorn/_subprocess.py", line 78, in subprocess_started
    target(sockets=sockets)
  File "/home/tsun/DeepRubric/apps/backend/.venv/lib/python3.12/site-packages/uvicorn/server.py", line 62, in run
    return asyncio.run(self.serve(sockets=sockets))
           ^^^^^^^^^^^^^^^^^^^^^^^^^^^^^^^^^^^^^^^^
  File "/usr/lib/python3.12/asyncio/runners.py", line 194, in run
    return runner.run(main)
           ^^^^^^^^^^^^^^^^
  File "/usr/lib/python3.12/asyncio/runners.py", line 118, in run
    return self._loop.run_until_complete(task)
           ^^^^^^^^^^^^^^^^^^^^^^^^^^^^^^^^^^^
  File "uvloop/loop.pyx", line 1518, in uvloop.loop.Loop.run_until_complete
  File "/home/tsun/DeepRubric/apps/backend/.venv/lib/python3.12/site-packages/uvicorn/server.py", line 69, in serve
    config.load()
  File "/home/tsun/DeepRubric/apps/backend/.venv/lib/python3.12/site-packages/uvicorn/config.py", line 458, in load
    self.loaded_app = import_from_string(self.app)
                      ^^^^^^^^^^^^^^^^^^^^^^^^^^^^
  File "/home/tsun/DeepRubric/apps/backend/.venv/lib/python3.12/site-packages/uvicorn/importer.py", line 21, in import_from_string
    module = importlib.import_module(module_str)
             ^^^^^^^^^^^^^^^^^^^^^^^^^^^^^^^^^^^
  File "/usr/lib/python3.12/importlib/__init__.py", line 90, in import_module
    return _bootstrap._gcd_import(name[level:], package, level)
           ^^^^^^^^^^^^^^^^^^^^^^^^^^^^^^^^^^^^^^^^^^^^^^^^^^^^
  File "<frozen importlib._bootstrap>", line 1387, in _gcd_import
  File "<frozen importlib._bootstrap>", line 1360, in _find_and_load
  File "<frozen importlib._bootstrap>", line 1331, in _find_and_load_unlocked
  File "<frozen importlib._bootstrap>", line 935, in _load_unlocked
  File "<frozen importlib._bootstrap_external>", line 995, in exec_module
  File "<frozen importlib._bootstrap>", line 488, in _call_with_frames_removed
  File "/home/tsun/DeepRubric/apps/backend/app/main.py", line 13, in <module>
    from app.api.v1.routers import health, auth
  File "/home/tsun/DeepRubric/apps/backend/app/api/v1/routers/health.py", line 9, in <module>
    from app.api.v1.dependencies import get_db
  File "/home/tsun/DeepRubric/apps/backend/app/api/v1/dependencies.py", line 15, in <module>
    from app.models.orm.user import User, Base
  File "/home/tsun/DeepRubric/apps/backend/app/models/orm/__init__.py", line 15, in <module>
    from . import user, course, enrollment, rubric, rubric_criteria, score  # noqa: F401
    ^^^^^^^^^^^^^^^^^^^^^^^^^^^^^^^^^^^^^^^^^^^^^^^^^^^^^^^^^^^^^^^^^^^^^^
  File "/home/tsun/DeepRubric/apps/backend/app/models/orm/user.py", line 14, in <module>
    class User(Base):
  File "/home/tsun/DeepRubric/apps/backend/app/models/orm/user.py", line 45, in User
    enrollments = relationship("Enrollment", backref="user")
                  ^^^^^^^^^^^^
NameError: name 'relationship' is not defined
WARNING:  WatchFiles detected changes in 'app/models/orm/user.py'. Reloading...
INFO:     Started server process [7079]
INFO:     Waiting for application startup.
INFO:     Application startup complete.
WARNING:  WatchFiles detected changes in 'alembic/versions/d0ebd9115c27_add_password_and_superuser_fields_to_.py'. Reloading...
INFO:     Shutting down
INFO:     Waiting for application shutdown.
INFO:     Application shutdown complete.
INFO:     Finished server process [7079]
INFO:     Started server process [7139]
INFO:     Waiting for application startup.
INFO:     Application startup complete.
